
*** Running vivado
    with args -log mse_mandelbrot.vds -m64 -product Vivado -mode batch -messageDb vivado.pb -notrace -source mse_mandelbrot.tcl


****** Vivado v2017.4 (64-bit)
  **** SW Build 2086221 on Fri Dec 15 20:55:39 MST 2017
  **** IP Build 2085800 on Fri Dec 15 22:25:07 MST 2017
    ** Copyright 1986-2017 Xilinx, Inc. All Rights Reserved.

source mse_mandelbrot.tcl -notrace
Command: synth_design -top mse_mandelbrot -part xc7a200tsbg484-1
Starting synth_design
Attempting to get a license for feature 'Synthesis' and/or device 'xc7a200t'
INFO: [Common 17-349] Got license for feature 'Synthesis' and/or device 'xc7a200t'
INFO: Launching helper process for spawning children vivado processes
INFO: Helper process launched with PID 15448 
---------------------------------------------------------------------------------
Starting RTL Elaboration : Time (s): cpu = 00:00:07 ; elapsed = 00:00:07 . Memory (MB): peak = 336.848 ; gain = 95.590
---------------------------------------------------------------------------------
INFO: [Synth 8-638] synthesizing module 'mse_mandelbrot' [C:/Users/Vivien/Documents/Master/S2/LPSC/Mandelbrot_pipeline_V3/Mandelbrot_pipeline_V3/Mandelbrot_pipeline_V3.srcs/sources_1/imports/src/mse_mandelbrot.vhd:51]
	Parameter C_CHANNEL_NUMBER bound to: 4 - type: integer 
INFO: [Synth 8-638] synthesizing module 'hdmi' [C:/Users/Vivien/Documents/Master/S2/LPSC/Mandelbrot_pipeline_V3/Mandelbrot_pipeline_V3/Mandelbrot_pipeline_V3.srcs/sources_1/imports/src/hdmi.vhd:62]
	Parameter C_CHANNEL_NUMBER bound to: 4 - type: integer 
	Parameter C_DATA_SIZE bound to: 16 - type: integer 
	Parameter C_PIXEL_SIZE bound to: 8 - type: integer 
	Parameter C_VGA_CONFIG bound to: 192'b000001000000000000000010010110000000000010100000000000001000110000000000000011000000000000010100000000000001010000000000000000110000010101000000000000100111101100000000000000000000000000000000 
	Parameter C_RESOLUTION bound to: 1024x600 - type: string 
INFO: [Synth 8-113] binding component instance 'BUFGClkSysToClkVgaHdmixI' to cell 'BUFG' [C:/Users/Vivien/Documents/Master/S2/LPSC/Mandelbrot_pipeline_V3/Mandelbrot_pipeline_V3/Mandelbrot_pipeline_V3.srcs/sources_1/imports/src/hdmi.vhd:363]
INFO: [Synth 8-3491] module 'clk_vga_hdmi_1024x600' declared at 'C:/Users/Vivien/Documents/Master/S2/LPSC/Mandelbrot_pipeline_V3/Mandelbrot_pipeline_V3/Mandelbrot_pipeline_V3.runs/synth_1/.Xil/Vivado-16352-Vivien-HP/realtime/clk_vga_hdmi_1024x600_stub.vhdl:5' bound to instance 'ClkVgaHdmi1024x600xI' of component 'clk_vga_hdmi_1024x600' [C:/Users/Vivien/Documents/Master/S2/LPSC/Mandelbrot_pipeline_V3/Mandelbrot_pipeline_V3/Mandelbrot_pipeline_V3.srcs/sources_1/imports/src/hdmi.vhd:380]
INFO: [Synth 8-638] synthesizing module 'clk_vga_hdmi_1024x600' [C:/Users/Vivien/Documents/Master/S2/LPSC/Mandelbrot_pipeline_V3/Mandelbrot_pipeline_V3/Mandelbrot_pipeline_V3.runs/synth_1/.Xil/Vivado-16352-Vivien-HP/realtime/clk_vga_hdmi_1024x600_stub.vhdl:16]
INFO: [Synth 8-638] synthesizing module 'vga' [C:/Users/Vivien/Documents/Master/S2/LPSC/Mandelbrot_pipeline_V3/Mandelbrot_pipeline_V3/Mandelbrot_pipeline_V3.srcs/sources_1/imports/src/vga.vhd:47]
	Parameter C_DATA_SIZE bound to: 16 - type: integer 
	Parameter C_PIXEL_SIZE bound to: 8 - type: integer 
	Parameter C_VGA_CONFIG bound to: 192'b000001000000000000000010010110000000000010100000000000001000110000000000000011000000000000010100000000000001010000000000000000110000010101000000000000100111101100000000000000000000000000000000 
INFO: [Synth 8-638] synthesizing module 'vga_stripes' [C:/Users/Vivien/Documents/Master/S2/LPSC/Mandelbrot_pipeline_V3/Mandelbrot_pipeline_V3/Mandelbrot_pipeline_V3.srcs/sources_1/imports/src/vga_stripes.vhd:46]
	Parameter C_DATA_SIZE bound to: 16 - type: integer 
	Parameter C_PIXEL_SIZE bound to: 8 - type: integer 
	Parameter C_VGA_CONFIG bound to: 192'b000001000000000000000010010110000000000010100000000000001000110000000000000011000000000000010100000000000001010000000000000000110000010101000000000000100111101100000000000000000000000000000000 
INFO: [Synth 8-256] done synthesizing module 'vga_stripes' (1#1) [C:/Users/Vivien/Documents/Master/S2/LPSC/Mandelbrot_pipeline_V3/Mandelbrot_pipeline_V3/Mandelbrot_pipeline_V3.srcs/sources_1/imports/src/vga_stripes.vhd:46]
INFO: [Synth 8-638] synthesizing module 'vga_controler' [C:/Users/Vivien/Documents/Master/S2/LPSC/Mandelbrot_pipeline_V3/Mandelbrot_pipeline_V3/Mandelbrot_pipeline_V3.srcs/sources_1/imports/src/vga_controler.vhd:45]
	Parameter C_DATA_SIZE bound to: 16 - type: integer 
	Parameter C_VGA_CONFIG bound to: 192'b000001000000000000000010010110000000000010100000000000001000110000000000000011000000000000010100000000000001010000000000000000110000010101000000000000100111101100000000000000000000000000000000 
INFO: [Synth 8-256] done synthesizing module 'vga_controler' (2#1) [C:/Users/Vivien/Documents/Master/S2/LPSC/Mandelbrot_pipeline_V3/Mandelbrot_pipeline_V3/Mandelbrot_pipeline_V3.srcs/sources_1/imports/src/vga_controler.vhd:45]
INFO: [Synth 8-256] done synthesizing module 'vga' (3#1) [C:/Users/Vivien/Documents/Master/S2/LPSC/Mandelbrot_pipeline_V3/Mandelbrot_pipeline_V3/Mandelbrot_pipeline_V3.srcs/sources_1/imports/src/vga.vhd:47]
INFO: [Synth 8-638] synthesizing module 'vga_to_hdmi' [C:/Users/Vivien/Documents/Master/S2/LPSC/Mandelbrot_pipeline_V3/Mandelbrot_pipeline_V3/Mandelbrot_pipeline_V3.srcs/sources_1/imports/src/vga_to_hdmi.vhd:47]
	Parameter C_PIXEL_SIZE bound to: 8 - type: integer 
	Parameter C_CHANNEL_NUMBER bound to: 4 - type: integer 
INFO: [Synth 8-638] synthesizing module 'tmds_encoder' [C:/Users/Vivien/Documents/Master/S2/LPSC/Mandelbrot_pipeline_V3/Mandelbrot_pipeline_V3/Mandelbrot_pipeline_V3.srcs/sources_1/imports/src/tmds_encoder.vhd:43]
	Parameter C_TMDS_DATA_SIZE bound to: 8 - type: integer 
	Parameter C_TMDS_ENCODED_DATA_SIZE bound to: 10 - type: integer 
INFO: [Synth 8-256] done synthesizing module 'tmds_encoder' (4#1) [C:/Users/Vivien/Documents/Master/S2/LPSC/Mandelbrot_pipeline_V3/Mandelbrot_pipeline_V3/Mandelbrot_pipeline_V3.srcs/sources_1/imports/src/tmds_encoder.vhd:43]
INFO: [Synth 8-638] synthesizing module 'serializer_10_to_1' [C:/Users/Vivien/Documents/Master/S2/LPSC/Mandelbrot_pipeline_V3/Mandelbrot_pipeline_V3/Mandelbrot_pipeline_V3.srcs/sources_1/imports/src/serializer_10_to_1.vhd:45]
	Parameter C_TMDS_ENCODED_DATA_SIZE bound to: 10 - type: integer 
	Parameter DATA_RATE_OQ bound to: DDR - type: string 
	Parameter DATA_RATE_TQ bound to: DDR - type: string 
	Parameter DATA_WIDTH bound to: 10 - type: integer 
	Parameter INIT_OQ bound to: 1'b1 
	Parameter INIT_TQ bound to: 1'b1 
	Parameter IS_CLKDIV_INVERTED bound to: 1'b0 
	Parameter IS_CLK_INVERTED bound to: 1'b0 
	Parameter IS_D1_INVERTED bound to: 1'b0 
	Parameter IS_D2_INVERTED bound to: 1'b0 
	Parameter IS_D3_INVERTED bound to: 1'b0 
	Parameter IS_D4_INVERTED bound to: 1'b0 
	Parameter IS_D5_INVERTED bound to: 1'b0 
	Parameter IS_D6_INVERTED bound to: 1'b0 
	Parameter IS_D7_INVERTED bound to: 1'b0 
	Parameter IS_D8_INVERTED bound to: 1'b0 
	Parameter IS_T1_INVERTED bound to: 1'b0 
	Parameter IS_T2_INVERTED bound to: 1'b0 
	Parameter IS_T3_INVERTED bound to: 1'b0 
	Parameter IS_T4_INVERTED bound to: 1'b0 
	Parameter SERDES_MODE bound to: MASTER - type: string 
	Parameter SRVAL_OQ bound to: 1'b0 
	Parameter SRVAL_TQ bound to: 1'b0 
	Parameter TBYTE_CTL bound to: FALSE - type: string 
	Parameter TBYTE_SRC bound to: FALSE - type: string 
	Parameter TRISTATE_WIDTH bound to: 1 - type: integer 
INFO: [Synth 8-113] binding component instance 'MasterOSERDESE2xI' to cell 'OSERDESE2' [C:/Users/Vivien/Documents/Master/S2/LPSC/Mandelbrot_pipeline_V3/Mandelbrot_pipeline_V3/Mandelbrot_pipeline_V3.srcs/sources_1/imports/src/serializer_10_to_1.vhd:62]
	Parameter DATA_RATE_OQ bound to: DDR - type: string 
	Parameter DATA_RATE_TQ bound to: DDR - type: string 
	Parameter DATA_WIDTH bound to: 10 - type: integer 
	Parameter INIT_OQ bound to: 1'b1 
	Parameter INIT_TQ bound to: 1'b1 
	Parameter IS_CLKDIV_INVERTED bound to: 1'b0 
	Parameter IS_CLK_INVERTED bound to: 1'b0 
	Parameter IS_D1_INVERTED bound to: 1'b0 
	Parameter IS_D2_INVERTED bound to: 1'b0 
	Parameter IS_D3_INVERTED bound to: 1'b0 
	Parameter IS_D4_INVERTED bound to: 1'b0 
	Parameter IS_D5_INVERTED bound to: 1'b0 
	Parameter IS_D6_INVERTED bound to: 1'b0 
	Parameter IS_D7_INVERTED bound to: 1'b0 
	Parameter IS_D8_INVERTED bound to: 1'b0 
	Parameter IS_T1_INVERTED bound to: 1'b0 
	Parameter IS_T2_INVERTED bound to: 1'b0 
	Parameter IS_T3_INVERTED bound to: 1'b0 
	Parameter IS_T4_INVERTED bound to: 1'b0 
	Parameter SERDES_MODE bound to: SLAVE - type: string 
	Parameter SRVAL_OQ bound to: 1'b0 
	Parameter SRVAL_TQ bound to: 1'b0 
	Parameter TBYTE_CTL bound to: FALSE - type: string 
	Parameter TBYTE_SRC bound to: FALSE - type: string 
	Parameter TRISTATE_WIDTH bound to: 1 - type: integer 
INFO: [Synth 8-113] binding component instance 'SlaveOSERDESE2xI' to cell 'OSERDESE2' [C:/Users/Vivien/Documents/Master/S2/LPSC/Mandelbrot_pipeline_V3/Mandelbrot_pipeline_V3/Mandelbrot_pipeline_V3.srcs/sources_1/imports/src/serializer_10_to_1.vhd:108]
INFO: [Synth 8-256] done synthesizing module 'serializer_10_to_1' (5#1) [C:/Users/Vivien/Documents/Master/S2/LPSC/Mandelbrot_pipeline_V3/Mandelbrot_pipeline_V3/Mandelbrot_pipeline_V3.srcs/sources_1/imports/src/serializer_10_to_1.vhd:45]
	Parameter CAPACITANCE bound to: DONT_CARE - type: string 
	Parameter IOSTANDARD bound to: TMDS_33 - type: string 
	Parameter SLEW bound to: FAST - type: string 
INFO: [Synth 8-113] binding component instance 'OBUFDSHdmiTxCh0xI' to cell 'OBUFDS' [C:/Users/Vivien/Documents/Master/S2/LPSC/Mandelbrot_pipeline_V3/Mandelbrot_pipeline_V3/Mandelbrot_pipeline_V3.srcs/sources_1/imports/src/vga_to_hdmi.vhd:207]
	Parameter CAPACITANCE bound to: DONT_CARE - type: string 
	Parameter IOSTANDARD bound to: TMDS_33 - type: string 
	Parameter SLEW bound to: FAST - type: string 
INFO: [Synth 8-113] binding component instance 'OBUFDSHdmiTxCh1xI' to cell 'OBUFDS' [C:/Users/Vivien/Documents/Master/S2/LPSC/Mandelbrot_pipeline_V3/Mandelbrot_pipeline_V3/Mandelbrot_pipeline_V3.srcs/sources_1/imports/src/vga_to_hdmi.vhd:216]
	Parameter CAPACITANCE bound to: DONT_CARE - type: string 
	Parameter IOSTANDARD bound to: TMDS_33 - type: string 
	Parameter SLEW bound to: FAST - type: string 
INFO: [Synth 8-113] binding component instance 'OBUFDSHdmiTxCh2xI' to cell 'OBUFDS' [C:/Users/Vivien/Documents/Master/S2/LPSC/Mandelbrot_pipeline_V3/Mandelbrot_pipeline_V3/Mandelbrot_pipeline_V3.srcs/sources_1/imports/src/vga_to_hdmi.vhd:225]
	Parameter CAPACITANCE bound to: DONT_CARE - type: string 
	Parameter IOSTANDARD bound to: TMDS_33 - type: string 
	Parameter SLEW bound to: FAST - type: string 
INFO: [Synth 8-113] binding component instance 'OBUFDSHdmiTxClkxI' to cell 'OBUFDS' [C:/Users/Vivien/Documents/Master/S2/LPSC/Mandelbrot_pipeline_V3/Mandelbrot_pipeline_V3/Mandelbrot_pipeline_V3.srcs/sources_1/imports/src/vga_to_hdmi.vhd:234]
INFO: [Synth 8-256] done synthesizing module 'vga_to_hdmi' (6#1) [C:/Users/Vivien/Documents/Master/S2/LPSC/Mandelbrot_pipeline_V3/Mandelbrot_pipeline_V3/Mandelbrot_pipeline_V3.srcs/sources_1/imports/src/vga_to_hdmi.vhd:47]
INFO: [Synth 8-256] done synthesizing module 'hdmi' (7#1) [C:/Users/Vivien/Documents/Master/S2/LPSC/Mandelbrot_pipeline_V3/Mandelbrot_pipeline_V3/Mandelbrot_pipeline_V3.srcs/sources_1/imports/src/hdmi.vhd:62]
	Parameter SIZE bound to: 16 - type: integer 
	Parameter COMMA bound to: 12 - type: integer 
	Parameter X_SIZE bound to: 1024 - type: integer 
	Parameter Y_SIZE bound to: 600 - type: integer 
	Parameter SCREEN_RES bound to: 10 - type: integer 
INFO: [Synth 8-3491] module 'ComplexValueGenerator' declared at 'C:/Users/Vivien/Documents/Master/S2/LPSC/Mandelbrot_pipeline_V3/Mandelbrot_pipeline_V3/Mandelbrot_pipeline_V3.srcs/sources_1/new/ComplexValueGenerator.vhd:14' bound to instance 'ComplexeValueGeneratorxI' of component 'ComplexValueGenerator' [C:/Users/Vivien/Documents/Master/S2/LPSC/Mandelbrot_pipeline_V3/Mandelbrot_pipeline_V3/Mandelbrot_pipeline_V3.srcs/sources_1/imports/src/mse_mandelbrot.vhd:332]
INFO: [Synth 8-638] synthesizing module 'ComplexValueGenerator' [C:/Users/Vivien/Documents/Master/S2/LPSC/Mandelbrot_pipeline_V3/Mandelbrot_pipeline_V3/Mandelbrot_pipeline_V3.srcs/sources_1/new/ComplexValueGenerator.vhd:35]
	Parameter SIZE bound to: 16 - type: integer 
	Parameter COMMA bound to: 12 - type: integer 
	Parameter X_SIZE bound to: 1024 - type: integer 
	Parameter Y_SIZE bound to: 600 - type: integer 
	Parameter SCREEN_RES bound to: 10 - type: integer 
WARNING: [Synth 8-614] signal 'c_re_min' is read in the process but is not in the sensitivity list [C:/Users/Vivien/Documents/Master/S2/LPSC/Mandelbrot_pipeline_V3/Mandelbrot_pipeline_V3/Mandelbrot_pipeline_V3.srcs/sources_1/new/ComplexValueGenerator.vhd:59]
WARNING: [Synth 8-614] signal 'c_im_min' is read in the process but is not in the sensitivity list [C:/Users/Vivien/Documents/Master/S2/LPSC/Mandelbrot_pipeline_V3/Mandelbrot_pipeline_V3/Mandelbrot_pipeline_V3.srcs/sources_1/new/ComplexValueGenerator.vhd:59]
INFO: [Synth 8-256] done synthesizing module 'ComplexValueGenerator' (8#1) [C:/Users/Vivien/Documents/Master/S2/LPSC/Mandelbrot_pipeline_V3/Mandelbrot_pipeline_V3/Mandelbrot_pipeline_V3.srcs/sources_1/new/ComplexValueGenerator.vhd:35]
INFO: [Synth 8-638] synthesizing module 'mandelbrot_calculator' [C:/Users/Vivien/Documents/Master/S2/LPSC/Mandelbrot_pipeline_V3/Mandelbrot_pipeline_V3/Mandelbrot_pipeline_V3.srcs/sources_1/new/mandelbrot_calculator.vhd:56]
	Parameter comma bound to: 12 - type: integer 
	Parameter max_iter bound to: 100 - type: integer 
	Parameter SIZE bound to: 16 - type: integer 
	Parameter ITER_SIZE bound to: 7 - type: integer 
	Parameter X_ADD_SIZE bound to: 10 - type: integer 
	Parameter Y_ADD_SIZE bound to: 10 - type: integer 
INFO: [Synth 8-226] default block is never used [C:/Users/Vivien/Documents/Master/S2/LPSC/Mandelbrot_pipeline_V3/Mandelbrot_pipeline_V3/Mandelbrot_pipeline_V3.srcs/sources_1/new/mandelbrot_calculator.vhd:232]
WARNING: [Synth 8-3936] Found unconnected internal register 'zn1_imag_big_s_reg' and it is trimmed from '32' to '28' bits. [C:/Users/Vivien/Documents/Master/S2/LPSC/Mandelbrot_pipeline_V3/Mandelbrot_pipeline_V3/Mandelbrot_pipeline_V3.srcs/sources_1/new/mandelbrot_calculator.vhd:151]
WARNING: [Synth 8-3936] Found unconnected internal register 'zn1_real_big_s_reg' and it is trimmed from '32' to '28' bits. [C:/Users/Vivien/Documents/Master/S2/LPSC/Mandelbrot_pipeline_V3/Mandelbrot_pipeline_V3/Mandelbrot_pipeline_V3.srcs/sources_1/new/mandelbrot_calculator.vhd:143]
INFO: [Synth 8-256] done synthesizing module 'mandelbrot_calculator' (9#1) [C:/Users/Vivien/Documents/Master/S2/LPSC/Mandelbrot_pipeline_V3/Mandelbrot_pipeline_V3/Mandelbrot_pipeline_V3.srcs/sources_1/new/mandelbrot_calculator.vhd:56]
INFO: [Synth 8-3491] module 'blk_mem_bram' declared at 'C:/Users/Vivien/Documents/Master/S2/LPSC/Mandelbrot_pipeline_V3/Mandelbrot_pipeline_V3/Mandelbrot_pipeline_V3.runs/synth_1/.Xil/Vivado-16352-Vivien-HP/realtime/blk_mem_bram_stub.vhdl:5' bound to instance 'blk_mem_bramxI' of component 'blk_mem_bram' [C:/Users/Vivien/Documents/Master/S2/LPSC/Mandelbrot_pipeline_V3/Mandelbrot_pipeline_V3/Mandelbrot_pipeline_V3.srcs/sources_1/imports/src/mse_mandelbrot.vhd:385]
INFO: [Synth 8-638] synthesizing module 'blk_mem_bram' [C:/Users/Vivien/Documents/Master/S2/LPSC/Mandelbrot_pipeline_V3/Mandelbrot_pipeline_V3/Mandelbrot_pipeline_V3.runs/synth_1/.Xil/Vivado-16352-Vivien-HP/realtime/blk_mem_bram_stub.vhdl:21]
INFO: [Synth 8-256] done synthesizing module 'mse_mandelbrot' (10#1) [C:/Users/Vivien/Documents/Master/S2/LPSC/Mandelbrot_pipeline_V3/Mandelbrot_pipeline_V3/Mandelbrot_pipeline_V3.srcs/sources_1/imports/src/mse_mandelbrot.vhd:51]
---------------------------------------------------------------------------------
Finished RTL Elaboration : Time (s): cpu = 00:00:09 ; elapsed = 00:00:09 . Memory (MB): peak = 389.945 ; gain = 148.688
---------------------------------------------------------------------------------

Report Check Netlist: 
+------+------------------+-------+---------+-------+------------------+
|      |Item              |Errors |Warnings |Status |Description       |
+------+------------------+-------+---------+-------+------------------+
|1     |multi_driven_nets |      0|        0|Passed |Multi driven nets |
+------+------------------+-------+---------+-------+------------------+
---------------------------------------------------------------------------------
Finished RTL Optimization Phase 1 : Time (s): cpu = 00:00:09 ; elapsed = 00:00:09 . Memory (MB): peak = 389.945 ; gain = 148.688
---------------------------------------------------------------------------------
INFO: [Netlist 29-17] Analyzing 4 Unisim elements for replacement
INFO: [Netlist 29-28] Unisim Transformation completed in 0 CPU seconds
INFO: [Device 21-403] Loading part xc7a200tsbg484-1
INFO: [Project 1-570] Preparing netlist for logic optimization

Processing XDC Constraints
Initializing timing engine
Parsing XDC File [C:/Users/Vivien/Documents/Master/S2/LPSC/Mandelbrot_pipeline_V3/Mandelbrot_pipeline_V3/Mandelbrot_pipeline_V3.runs/synth_1/.Xil/Vivado-16352-Vivien-HP/dcp2/clk_vga_hdmi_1024x600_in_context.xdc] for cell 'HdmixI/ClkVgaHdmi1024x600xG.ClkVgaHdmi1024x600xI'
Finished Parsing XDC File [C:/Users/Vivien/Documents/Master/S2/LPSC/Mandelbrot_pipeline_V3/Mandelbrot_pipeline_V3/Mandelbrot_pipeline_V3.runs/synth_1/.Xil/Vivado-16352-Vivien-HP/dcp2/clk_vga_hdmi_1024x600_in_context.xdc] for cell 'HdmixI/ClkVgaHdmi1024x600xG.ClkVgaHdmi1024x600xI'
Parsing XDC File [C:/Users/Vivien/Documents/Master/S2/LPSC/Mandelbrot_pipeline_V3/Mandelbrot_pipeline_V3/Mandelbrot_pipeline_V3.runs/synth_1/.Xil/Vivado-16352-Vivien-HP/dcp3/blk_mem_bram_in_context.xdc] for cell 'blk_mem_bramxB.blk_mem_bramxI'
Finished Parsing XDC File [C:/Users/Vivien/Documents/Master/S2/LPSC/Mandelbrot_pipeline_V3/Mandelbrot_pipeline_V3/Mandelbrot_pipeline_V3.runs/synth_1/.Xil/Vivado-16352-Vivien-HP/dcp3/blk_mem_bram_in_context.xdc] for cell 'blk_mem_bramxB.blk_mem_bramxI'
Parsing XDC File [C:/Users/Vivien/Documents/Master/S2/LPSC/Mandelbrot_pipeline_V3/Mandelbrot_pipeline_V3/Mandelbrot_pipeline_V3.srcs/constrs_1/imports/constr/Nexys-Video-Master.xdc]
Finished Parsing XDC File [C:/Users/Vivien/Documents/Master/S2/LPSC/Mandelbrot_pipeline_V3/Mandelbrot_pipeline_V3/Mandelbrot_pipeline_V3.srcs/constrs_1/imports/constr/Nexys-Video-Master.xdc]
INFO: [Project 1-236] Implementation specific constraints were found while reading constraint file [C:/Users/Vivien/Documents/Master/S2/LPSC/Mandelbrot_pipeline_V3/Mandelbrot_pipeline_V3/Mandelbrot_pipeline_V3.srcs/constrs_1/imports/constr/Nexys-Video-Master.xdc]. These constraints will be ignored for synthesis but will be used in implementation. Impacted constraints are listed in the file [.Xil/mse_mandelbrot_propImpl.xdc].
Resolution: To avoid this warning, move constraints listed in [.Xil/mse_mandelbrot_propImpl.xdc] to another XDC file and exclude this new file from synthesis with the used_in_synthesis property (File Properties dialog in GUI) and re-run elaboration/synthesis.
Completed Processing XDC Constraints

INFO: [Project 1-111] Unisim Transformation Summary:
No Unisim elements were transformed.

Constraint Validation Runtime : Time (s): cpu = 00:00:00 ; elapsed = 00:00:00.008 . Memory (MB): peak = 771.617 ; gain = 0.000
WARNING: [Timing 38-316] Clock period '20.000' specified during out-of-context synthesis of instance 'blk_mem_bramxB.blk_mem_bramxI' at clock pin 'clka' is different from the actual clock period '10.000', this can lead to different synthesis results.
---------------------------------------------------------------------------------
Finished Constraint Validation : Time (s): cpu = 00:00:26 ; elapsed = 00:00:28 . Memory (MB): peak = 771.617 ; gain = 530.359
---------------------------------------------------------------------------------
---------------------------------------------------------------------------------
Start Loading Part and Timing Information
---------------------------------------------------------------------------------
Loading part: xc7a200tsbg484-1
---------------------------------------------------------------------------------
Finished Loading Part and Timing Information : Time (s): cpu = 00:00:26 ; elapsed = 00:00:28 . Memory (MB): peak = 771.617 ; gain = 530.359
---------------------------------------------------------------------------------
---------------------------------------------------------------------------------
Start Applying 'set_property' XDC Constraints
---------------------------------------------------------------------------------
Applied set_property DONT_TOUCH = true for HdmixI/\ClkVgaHdmi1024x600xG.ClkVgaHdmi1024x600xI . (constraint file  auto generated constraint, line ).
Applied set_property DONT_TOUCH = true for \blk_mem_bramxB.blk_mem_bramxI . (constraint file  auto generated constraint, line ).
---------------------------------------------------------------------------------
Finished applying 'set_property' XDC Constraints : Time (s): cpu = 00:00:26 ; elapsed = 00:00:28 . Memory (MB): peak = 771.617 ; gain = 530.359
---------------------------------------------------------------------------------
INFO: [Synth 8-5546] ROM "VCountxD" won't be mapped to RAM because it is too sparse
INFO: [Synth 8-5546] ROM "VgaSyncxS[HSyncxS]" won't be mapped to RAM because it is too sparse
INFO: [Synth 8-5546] ROM "VgaSyncxS[VSyncxS]" won't be mapped to RAM because it is too sparse
INFO: [Synth 8-5818] HDL ADVISOR - The operator resource <adder> is shared. To prevent sharing consider applying a KEEP on the output of the operator [C:/Users/Vivien/Documents/Master/S2/LPSC/Mandelbrot_pipeline_V3/Mandelbrot_pipeline_V3/Mandelbrot_pipeline_V3.srcs/sources_1/imports/src/tmds_encoder.vhd:204]
INFO: [Synth 8-5818] HDL ADVISOR - The operator resource <adder> is shared. To prevent sharing consider applying a KEEP on the output of the operator [C:/Users/Vivien/Documents/Master/S2/LPSC/Mandelbrot_pipeline_V3/Mandelbrot_pipeline_V3/Mandelbrot_pipeline_V3.srcs/sources_1/imports/src/tmds_encoder.vhd:205]
INFO: [Synth 8-41] '+' operator could not be merged with '+' operator due to loss of accuracy [C:/Users/Vivien/Documents/Master/S2/LPSC/Mandelbrot_pipeline_V3/Mandelbrot_pipeline_V3/Mandelbrot_pipeline_V3.srcs/sources_1/imports/src/tmds_encoder.vhd:126]
INFO: [Synth 8-41] '+' operator could not be merged with '+' operator due to loss of accuracy [C:/Users/Vivien/Documents/Master/S2/LPSC/Mandelbrot_pipeline_V3/Mandelbrot_pipeline_V3/Mandelbrot_pipeline_V3.srcs/sources_1/imports/src/tmds_encoder.vhd:122]
WARNING: [Synth 8-6014] Unused sequential element c_re_i_reg was removed.  [C:/Users/Vivien/Documents/Master/S2/LPSC/Mandelbrot_pipeline_V3/Mandelbrot_pipeline_V3/Mandelbrot_pipeline_V3.srcs/sources_1/new/ComplexValueGenerator.vhd:62]
WARNING: [Synth 8-6014] Unused sequential element posx_i_reg was removed.  [C:/Users/Vivien/Documents/Master/S2/LPSC/Mandelbrot_pipeline_V3/Mandelbrot_pipeline_V3/Mandelbrot_pipeline_V3.srcs/sources_1/new/ComplexValueGenerator.vhd:64]
WARNING: [Synth 8-6014] Unused sequential element c_im_i_reg was removed.  [C:/Users/Vivien/Documents/Master/S2/LPSC/Mandelbrot_pipeline_V3/Mandelbrot_pipeline_V3/Mandelbrot_pipeline_V3.srcs/sources_1/new/ComplexValueGenerator.vhd:63]
WARNING: [Synth 8-6014] Unused sequential element posy_i_reg was removed.  [C:/Users/Vivien/Documents/Master/S2/LPSC/Mandelbrot_pipeline_V3/Mandelbrot_pipeline_V3/Mandelbrot_pipeline_V3.srcs/sources_1/new/ComplexValueGenerator.vhd:65]
---------------------------------------------------------------------------------
Finished RTL Optimization Phase 2 : Time (s): cpu = 00:00:27 ; elapsed = 00:00:29 . Memory (MB): peak = 771.617 ; gain = 530.359
---------------------------------------------------------------------------------

Report RTL Partitions: 
+-+--------------+------------+----------+
| |RTL Partition |Replication |Instances |
+-+--------------+------------+----------+
+-+--------------+------------+----------+
---------------------------------------------------------------------------------
Start RTL Component Statistics 
---------------------------------------------------------------------------------
Detailed RTL Component Info : 
+---Adders : 
	   2 Input     33 Bit       Adders := 1     
	   3 Input     32 Bit       Adders := 1     
	   2 Input     28 Bit       Adders := 2     
	   2 Input     16 Bit       Adders := 2     
	   2 Input     10 Bit       Adders := 2     
	   2 Input      7 Bit       Adders := 1     
	   8 Input      4 Bit       Adders := 3     
	   9 Input      4 Bit       Adders := 3     
	   4 Input      4 Bit       Adders := 3     
	   3 Input      4 Bit       Adders := 3     
+---XORs : 
	   2 Input      1 Bit         XORs := 42    
+---Registers : 
	               32 Bit    Registers := 5     
	               16 Bit    Registers := 10    
	               10 Bit    Registers := 11    
	                9 Bit    Registers := 1     
	                7 Bit    Registers := 3     
	                4 Bit    Registers := 3     
	                2 Bit    Registers := 1     
	                1 Bit    Registers := 3     
+---Muxes : 
	   2 Input     16 Bit        Muxes := 8     
	   5 Input     10 Bit        Muxes := 6     
	   4 Input     10 Bit        Muxes := 3     
	   2 Input     10 Bit        Muxes := 13    
	   2 Input      9 Bit        Muxes := 6     
	   2 Input      8 Bit        Muxes := 3     
	   2 Input      7 Bit        Muxes := 1     
	   2 Input      4 Bit        Muxes := 12    
	   6 Input      2 Bit        Muxes := 1     
	   2 Input      1 Bit        Muxes := 8     
	   3 Input      1 Bit        Muxes := 2     
	   4 Input      1 Bit        Muxes := 1     
---------------------------------------------------------------------------------
Finished RTL Component Statistics 
---------------------------------------------------------------------------------
---------------------------------------------------------------------------------
Start RTL Hierarchical Component Statistics 
---------------------------------------------------------------------------------
Hierarchical RTL Component report 
Module vga_stripes 
Detailed RTL Component Info : 
+---Muxes : 
	   2 Input     16 Bit        Muxes := 2     
	   2 Input      8 Bit        Muxes := 3     
Module vga_controler 
Detailed RTL Component Info : 
+---Adders : 
	   2 Input     16 Bit       Adders := 2     
+---Registers : 
	               16 Bit    Registers := 2     
	                1 Bit    Registers := 3     
+---Muxes : 
	   2 Input     16 Bit        Muxes := 2     
	   2 Input      1 Bit        Muxes := 8     
	   3 Input      1 Bit        Muxes := 2     
Module tmds_encoder 
Detailed RTL Component Info : 
+---Adders : 
	   8 Input      4 Bit       Adders := 1     
	   9 Input      4 Bit       Adders := 1     
	   4 Input      4 Bit       Adders := 1     
	   3 Input      4 Bit       Adders := 1     
+---XORs : 
	   2 Input      1 Bit         XORs := 14    
+---Registers : 
	               10 Bit    Registers := 1     
	                4 Bit    Registers := 1     
+---Muxes : 
	   5 Input     10 Bit        Muxes := 2     
	   4 Input     10 Bit        Muxes := 1     
	   2 Input     10 Bit        Muxes := 3     
	   2 Input      9 Bit        Muxes := 2     
	   2 Input      4 Bit        Muxes := 4     
Module ComplexValueGenerator 
Detailed RTL Component Info : 
+---Adders : 
	   2 Input     10 Bit       Adders := 2     
+---Registers : 
	               10 Bit    Registers := 2     
+---Muxes : 
	   2 Input     10 Bit        Muxes := 2     
Module mandelbrot_calculator 
Detailed RTL Component Info : 
+---Adders : 
	   2 Input     33 Bit       Adders := 1     
	   3 Input     32 Bit       Adders := 1     
	   2 Input     28 Bit       Adders := 2     
	   2 Input      7 Bit       Adders := 1     
+---Registers : 
	               32 Bit    Registers := 5     
	               16 Bit    Registers := 8     
	               10 Bit    Registers := 6     
	                9 Bit    Registers := 1     
	                7 Bit    Registers := 3     
	                2 Bit    Registers := 1     
+---Muxes : 
	   2 Input     16 Bit        Muxes := 4     
	   2 Input     10 Bit        Muxes := 2     
	   2 Input      7 Bit        Muxes := 1     
	   6 Input      2 Bit        Muxes := 1     
	   4 Input      1 Bit        Muxes := 1     
---------------------------------------------------------------------------------
Finished RTL Hierarchical Component Statistics
---------------------------------------------------------------------------------
---------------------------------------------------------------------------------
Start Part Resource Summary
---------------------------------------------------------------------------------
Part Resources:
DSPs: 740 (col length:100)
BRAMs: 730 (col length: RAMB18 100 RAMB36 50)
---------------------------------------------------------------------------------
Finished Part Resource Summary
---------------------------------------------------------------------------------
---------------------------------------------------------------------------------
Start Cross Boundary and Area Optimization
---------------------------------------------------------------------------------
INFO: [Synth 8-5546] ROM "HdmixI/VgaxI/VgaControlerxI/VgaSyncxS[HSyncxS]" won't be mapped to RAM because it is too sparse
INFO: [Synth 8-5546] ROM "HdmixI/VgaxI/VgaControlerxI/VCountxD" won't be mapped to RAM because it is too sparse
INFO: [Synth 8-5546] ROM "HdmixI/VgaxI/VgaControlerxI/VgaSyncxS[VSyncxS]" won't be mapped to RAM because it is too sparse
WARNING: [Synth 8-6014] Unused sequential element ComplexeValueGeneratorxB.ComplexeValueGeneratorxI/posx_i_reg was removed.  [C:/Users/Vivien/Documents/Master/S2/LPSC/Mandelbrot_pipeline_V3/Mandelbrot_pipeline_V3/Mandelbrot_pipeline_V3.srcs/sources_1/new/ComplexValueGenerator.vhd:64]
WARNING: [Synth 8-6014] Unused sequential element ComplexeValueGeneratorxB.ComplexeValueGeneratorxI/c_re_i_reg was removed.  [C:/Users/Vivien/Documents/Master/S2/LPSC/Mandelbrot_pipeline_V3/Mandelbrot_pipeline_V3/Mandelbrot_pipeline_V3.srcs/sources_1/new/ComplexValueGenerator.vhd:62]
WARNING: [Synth 8-6014] Unused sequential element ComplexeValueGeneratorxB.ComplexeValueGeneratorxI/posy_i_reg was removed.  [C:/Users/Vivien/Documents/Master/S2/LPSC/Mandelbrot_pipeline_V3/Mandelbrot_pipeline_V3/Mandelbrot_pipeline_V3.srcs/sources_1/new/ComplexValueGenerator.vhd:65]
WARNING: [Synth 8-6014] Unused sequential element ComplexeValueGeneratorxB.ComplexeValueGeneratorxI/c_im_i_reg was removed.  [C:/Users/Vivien/Documents/Master/S2/LPSC/Mandelbrot_pipeline_V3/Mandelbrot_pipeline_V3/Mandelbrot_pipeline_V3.srcs/sources_1/new/ComplexValueGenerator.vhd:63]
DSP Report: Generating DSP mandelbrot_calculatorxB.mandelbrot_calculatorxI/z_real2_big_s0, operation Mode is: A*B.
DSP Report: operator mandelbrot_calculatorxB.mandelbrot_calculatorxI/z_real2_big_s0 is absorbed into DSP mandelbrot_calculatorxB.mandelbrot_calculatorxI/z_real2_big_s0.
DSP Report: Generating DSP mandelbrot_calculatorxB.mandelbrot_calculatorxI/z_ri_big_s0, operation Mode is: A*B.
DSP Report: operator mandelbrot_calculatorxB.mandelbrot_calculatorxI/z_ri_big_s0 is absorbed into DSP mandelbrot_calculatorxB.mandelbrot_calculatorxI/z_ri_big_s0.
DSP Report: Generating DSP mandelbrot_calculatorxB.mandelbrot_calculatorxI/z_imag2_big_s0, operation Mode is: A*B.
DSP Report: operator mandelbrot_calculatorxB.mandelbrot_calculatorxI/z_imag2_big_s0 is absorbed into DSP mandelbrot_calculatorxB.mandelbrot_calculatorxI/z_imag2_big_s0.
WARNING: [Synth 8-3332] Sequential element (mandelbrot_calculatorxB.mandelbrot_calculatorxI/z_r2_i2_big_s_reg[31]) is unused and will be removed from module mse_mandelbrot.
WARNING: [Synth 8-3332] Sequential element (mandelbrot_calculatorxB.mandelbrot_calculatorxI/z_r2_i2_big_s_reg[30]) is unused and will be removed from module mse_mandelbrot.
WARNING: [Synth 8-3332] Sequential element (mandelbrot_calculatorxB.mandelbrot_calculatorxI/z_r2_i2_big_s_reg[29]) is unused and will be removed from module mse_mandelbrot.
WARNING: [Synth 8-3332] Sequential element (mandelbrot_calculatorxB.mandelbrot_calculatorxI/z_r2_i2_big_s_reg[28]) is unused and will be removed from module mse_mandelbrot.
WARNING: [Synth 8-3332] Sequential element (mandelbrot_calculatorxB.mandelbrot_calculatorxI/z_r2_i2_big_s_reg[10]) is unused and will be removed from module mse_mandelbrot.
WARNING: [Synth 8-3332] Sequential element (mandelbrot_calculatorxB.mandelbrot_calculatorxI/z_r2_i2_big_s_reg[9]) is unused and will be removed from module mse_mandelbrot.
WARNING: [Synth 8-3332] Sequential element (mandelbrot_calculatorxB.mandelbrot_calculatorxI/z_r2_i2_big_s_reg[8]) is unused and will be removed from module mse_mandelbrot.
WARNING: [Synth 8-3332] Sequential element (mandelbrot_calculatorxB.mandelbrot_calculatorxI/z_r2_i2_big_s_reg[7]) is unused and will be removed from module mse_mandelbrot.
WARNING: [Synth 8-3332] Sequential element (mandelbrot_calculatorxB.mandelbrot_calculatorxI/z_r2_i2_big_s_reg[6]) is unused and will be removed from module mse_mandelbrot.
WARNING: [Synth 8-3332] Sequential element (mandelbrot_calculatorxB.mandelbrot_calculatorxI/z_r2_i2_big_s_reg[5]) is unused and will be removed from module mse_mandelbrot.
WARNING: [Synth 8-3332] Sequential element (mandelbrot_calculatorxB.mandelbrot_calculatorxI/z_r2_i2_big_s_reg[4]) is unused and will be removed from module mse_mandelbrot.
WARNING: [Synth 8-3332] Sequential element (mandelbrot_calculatorxB.mandelbrot_calculatorxI/z_r2_i2_big_s_reg[3]) is unused and will be removed from module mse_mandelbrot.
WARNING: [Synth 8-3332] Sequential element (mandelbrot_calculatorxB.mandelbrot_calculatorxI/z_r2_i2_big_s_reg[2]) is unused and will be removed from module mse_mandelbrot.
WARNING: [Synth 8-3332] Sequential element (mandelbrot_calculatorxB.mandelbrot_calculatorxI/z_r2_i2_big_s_reg[1]) is unused and will be removed from module mse_mandelbrot.
WARNING: [Synth 8-3332] Sequential element (mandelbrot_calculatorxB.mandelbrot_calculatorxI/z_r2_i2_big_s_reg[0]) is unused and will be removed from module mse_mandelbrot.
WARNING: [Synth 8-3332] Sequential element (ComplexeValueGeneratorxB.ComplexeValueGeneratorxI/c_re_i_reg[0]) is unused and will be removed from module mse_mandelbrot.
WARNING: [Synth 8-3332] Sequential element (mandelbrot_calculatorxB.mandelbrot_calculatorxI/z_ri_big_s_reg[31]) is unused and will be removed from module mse_mandelbrot.
WARNING: [Synth 8-3332] Sequential element (mandelbrot_calculatorxB.mandelbrot_calculatorxI/z_ri_big_s_reg[30]) is unused and will be removed from module mse_mandelbrot.
WARNING: [Synth 8-3332] Sequential element (mandelbrot_calculatorxB.mandelbrot_calculatorxI/z_ri_big_s_reg[29]) is unused and will be removed from module mse_mandelbrot.
WARNING: [Synth 8-3332] Sequential element (mandelbrot_calculatorxB.mandelbrot_calculatorxI/z_ri_big_s_reg[28]) is unused and will be removed from module mse_mandelbrot.
WARNING: [Synth 8-3332] Sequential element (mandelbrot_calculatorxB.mandelbrot_calculatorxI/z_ri_big_s_reg[27]) is unused and will be removed from module mse_mandelbrot.
WARNING: [Synth 8-3332] Sequential element (mandelbrot_calculatorxB.mandelbrot_calculatorxI/z_ri_big_s_reg[9]) is unused and will be removed from module mse_mandelbrot.
WARNING: [Synth 8-3332] Sequential element (mandelbrot_calculatorxB.mandelbrot_calculatorxI/z_ri_big_s_reg[8]) is unused and will be removed from module mse_mandelbrot.
WARNING: [Synth 8-3332] Sequential element (mandelbrot_calculatorxB.mandelbrot_calculatorxI/z_ri_big_s_reg[7]) is unused and will be removed from module mse_mandelbrot.
WARNING: [Synth 8-3332] Sequential element (mandelbrot_calculatorxB.mandelbrot_calculatorxI/z_ri_big_s_reg[6]) is unused and will be removed from module mse_mandelbrot.
WARNING: [Synth 8-3332] Sequential element (mandelbrot_calculatorxB.mandelbrot_calculatorxI/z_ri_big_s_reg[5]) is unused and will be removed from module mse_mandelbrot.
WARNING: [Synth 8-3332] Sequential element (mandelbrot_calculatorxB.mandelbrot_calculatorxI/z_ri_big_s_reg[4]) is unused and will be removed from module mse_mandelbrot.
WARNING: [Synth 8-3332] Sequential element (mandelbrot_calculatorxB.mandelbrot_calculatorxI/z_ri_big_s_reg[3]) is unused and will be removed from module mse_mandelbrot.
WARNING: [Synth 8-3332] Sequential element (mandelbrot_calculatorxB.mandelbrot_calculatorxI/z_ri_big_s_reg[2]) is unused and will be removed from module mse_mandelbrot.
WARNING: [Synth 8-3332] Sequential element (mandelbrot_calculatorxB.mandelbrot_calculatorxI/z_ri_big_s_reg[1]) is unused and will be removed from module mse_mandelbrot.
WARNING: [Synth 8-3332] Sequential element (mandelbrot_calculatorxB.mandelbrot_calculatorxI/z_ri_big_s_reg[0]) is unused and will be removed from module mse_mandelbrot.
WARNING: [Synth 8-3332] Sequential element (mandelbrot_calculatorxB.mandelbrot_calculatorxI/z_2ri_big_s_reg[31]) is unused and will be removed from module mse_mandelbrot.
WARNING: [Synth 8-3332] Sequential element (mandelbrot_calculatorxB.mandelbrot_calculatorxI/z_2ri_big_s_reg[30]) is unused and will be removed from module mse_mandelbrot.
WARNING: [Synth 8-3332] Sequential element (mandelbrot_calculatorxB.mandelbrot_calculatorxI/z_2ri_big_s_reg[29]) is unused and will be removed from module mse_mandelbrot.
WARNING: [Synth 8-3332] Sequential element (mandelbrot_calculatorxB.mandelbrot_calculatorxI/z_2ri_big_s_reg[28]) is unused and will be removed from module mse_mandelbrot.
WARNING: [Synth 8-3332] Sequential element (mandelbrot_calculatorxB.mandelbrot_calculatorxI/z_2ri_big_s_reg[10]) is unused and will be removed from module mse_mandelbrot.
WARNING: [Synth 8-3332] Sequential element (mandelbrot_calculatorxB.mandelbrot_calculatorxI/z_2ri_big_s_reg[9]) is unused and will be removed from module mse_mandelbrot.
WARNING: [Synth 8-3332] Sequential element (mandelbrot_calculatorxB.mandelbrot_calculatorxI/z_2ri_big_s_reg[8]) is unused and will be removed from module mse_mandelbrot.
WARNING: [Synth 8-3332] Sequential element (mandelbrot_calculatorxB.mandelbrot_calculatorxI/z_2ri_big_s_reg[7]) is unused and will be removed from module mse_mandelbrot.
WARNING: [Synth 8-3332] Sequential element (mandelbrot_calculatorxB.mandelbrot_calculatorxI/z_2ri_big_s_reg[6]) is unused and will be removed from module mse_mandelbrot.
WARNING: [Synth 8-3332] Sequential element (mandelbrot_calculatorxB.mandelbrot_calculatorxI/z_2ri_big_s_reg[5]) is unused and will be removed from module mse_mandelbrot.
WARNING: [Synth 8-3332] Sequential element (mandelbrot_calculatorxB.mandelbrot_calculatorxI/z_2ri_big_s_reg[4]) is unused and will be removed from module mse_mandelbrot.
WARNING: [Synth 8-3332] Sequential element (mandelbrot_calculatorxB.mandelbrot_calculatorxI/z_2ri_big_s_reg[3]) is unused and will be removed from module mse_mandelbrot.
WARNING: [Synth 8-3332] Sequential element (mandelbrot_calculatorxB.mandelbrot_calculatorxI/z_2ri_big_s_reg[2]) is unused and will be removed from module mse_mandelbrot.
WARNING: [Synth 8-3332] Sequential element (mandelbrot_calculatorxB.mandelbrot_calculatorxI/z_2ri_big_s_reg[1]) is unused and will be removed from module mse_mandelbrot.
WARNING: [Synth 8-3332] Sequential element (mandelbrot_calculatorxB.mandelbrot_calculatorxI/z_2ri_big_s_reg[0]) is unused and will be removed from module mse_mandelbrot.
WARNING: [Synth 8-3332] Sequential element (ComplexeValueGeneratorxB.ComplexeValueGeneratorxI/c_im_i_reg[0]) is unused and will be removed from module mse_mandelbrot.
WARNING: [Synth 8-3332] Sequential element (mandelbrot_calculatorxB.mandelbrot_calculatorxI/radius_s_reg[1]) is unused and will be removed from module mse_mandelbrot.
WARNING: [Synth 8-3332] Sequential element (mandelbrot_calculatorxB.mandelbrot_calculatorxI/radius_s_reg[0]) is unused and will be removed from module mse_mandelbrot.
---------------------------------------------------------------------------------
Finished Cross Boundary and Area Optimization : Time (s): cpu = 00:00:31 ; elapsed = 00:00:33 . Memory (MB): peak = 771.617 ; gain = 530.359
---------------------------------------------------------------------------------
---------------------------------------------------------------------------------
Start ROM, RAM, DSP and Shift Register Reporting
---------------------------------------------------------------------------------

DSP: Preliminary Mapping  Report (see note below)
+----------------------+-------------+--------+--------+--------+--------+--------+------+------+------+------+-------+------+------+
|Module Name           | DSP Mapping | A Size | B Size | C Size | D Size | P Size | AREG | BREG | CREG | DREG | ADREG | MREG | PREG | 
+----------------------+-------------+--------+--------+--------+--------+--------+------+------+------+------+-------+------+------+
|mandelbrot_calculator | A*B         | 16     | 16     | -      | -      | 32     | 0    | 0    | -    | -    | -     | 0    | 0    | 
|mandelbrot_calculator | A*B         | 16     | 16     | -      | -      | 32     | 0    | 0    | -    | -    | -     | 0    | 0    | 
|mandelbrot_calculator | A*B         | 16     | 16     | -      | -      | 32     | 0    | 0    | -    | -    | -     | 0    | 0    | 
+----------------------+-------------+--------+--------+--------+--------+--------+------+------+------+------+-------+------+------+

Note: The table above is a preliminary report that shows the DSPs inferred at the current stage of the synthesis flow. Some DSP may be reimplemented as non DSP primitives later in the synthesis flow. Multiple instantiated DSPs are reported only once.
---------------------------------------------------------------------------------
Finished ROM, RAM, DSP and Shift Register Reporting
---------------------------------------------------------------------------------

Report RTL Partitions: 
+-+--------------+------------+----------+
| |RTL Partition |Replication |Instances |
+-+--------------+------------+----------+
+-+--------------+------------+----------+
---------------------------------------------------------------------------------
Start Applying XDC Timing Constraints
---------------------------------------------------------------------------------
INFO: [Synth 8-5578] Moved timing constraint from pin 'HdmixI/ClkVgaHdmi1024x600xG.ClkVgaHdmi1024x600xI/ClkSys100MhzxC' to pin 'HdmixI/ClkVgaHdmi1024x600xG.BUFGClkSysToClkVgaHdmixI/O'
INFO: [Synth 8-5578] Moved timing constraint from pin 'HdmixI/ClkVgaHdmi1024x600xG.ClkVgaHdmi1024x600xI/ClkHdmixC' to pin 'HdmixI/ClkVgaHdmi1024x600xG.ClkVgaHdmi1024x600xI/bbstub_ClkHdmixC/O'
INFO: [Synth 8-5783] Moving clock source from hierarchical pin 'HdmixI/ClkVgaHdmi1024x600xG.ClkVgaHdmi1024x600xI/ClkSys100MhzxC' to 'HdmixI/ClkVgaHdmi1024x600xG.BUFGClkSysToClkVgaHdmixI/O'
INFO: [Synth 8-5578] Moved timing constraint from pin 'HdmixI/ClkVgaHdmi1024x600xG.ClkVgaHdmi1024x600xI/ClkVgaxC' to pin 'HdmixI/ClkVgaHdmi1024x600xG.ClkVgaHdmi1024x600xI/bbstub_ClkVgaxC/O'
INFO: [Synth 8-5783] Moving clock source from hierarchical pin 'HdmixI/ClkVgaHdmi1024x600xG.ClkVgaHdmi1024x600xI/ClkSys100MhzxC' to 'HdmixI/ClkVgaHdmi1024x600xG.BUFGClkSysToClkVgaHdmixI/O'
INFO: [Synth 8-5819] Moved 3 constraints on hierarchical pins to their respective driving/loading pins
---------------------------------------------------------------------------------
Finished Applying XDC Timing Constraints : Time (s): cpu = 00:00:50 ; elapsed = 00:00:53 . Memory (MB): peak = 819.398 ; gain = 578.141
---------------------------------------------------------------------------------
---------------------------------------------------------------------------------
Start Timing Optimization
---------------------------------------------------------------------------------
---------------------------------------------------------------------------------
Finished Timing Optimization : Time (s): cpu = 00:00:50 ; elapsed = 00:00:53 . Memory (MB): peak = 821.277 ; gain = 580.020
---------------------------------------------------------------------------------

Report RTL Partitions: 
+-+--------------+------------+----------+
| |RTL Partition |Replication |Instances |
+-+--------------+------------+----------+
+-+--------------+------------+----------+
---------------------------------------------------------------------------------
Start Technology Mapping
---------------------------------------------------------------------------------
WARNING: [Synth 8-3332] Sequential element (mandelbrot_calculatorxB.mandelbrot_calculatorxI/cn2_real_s_reg[0]) is unused and will be removed from module mse_mandelbrot.
WARNING: [Synth 8-3332] Sequential element (mandelbrot_calculatorxB.mandelbrot_calculatorxI/cn1_real_s_reg[0]) is unused and will be removed from module mse_mandelbrot.
WARNING: [Synth 8-3332] Sequential element (mandelbrot_calculatorxB.mandelbrot_calculatorxI/c_real_s_reg[0]) is unused and will be removed from module mse_mandelbrot.
WARNING: [Synth 8-3332] Sequential element (mandelbrot_calculatorxB.mandelbrot_calculatorxI/cn2_imag_s_reg[0]) is unused and will be removed from module mse_mandelbrot.
WARNING: [Synth 8-3332] Sequential element (mandelbrot_calculatorxB.mandelbrot_calculatorxI/cn1_imag_s_reg[0]) is unused and will be removed from module mse_mandelbrot.
WARNING: [Synth 8-3332] Sequential element (mandelbrot_calculatorxB.mandelbrot_calculatorxI/c_imag_s_reg[0]) is unused and will be removed from module mse_mandelbrot.
INFO: [Synth 8-5844] Detected registers with asynchronous reset at DSP/BRAM block boundary. Consider using synchronous reset for optimal packing [C:/Users/Vivien/Documents/Master/S2/LPSC/Mandelbrot_pipeline_V3/Mandelbrot_pipeline_V3/Mandelbrot_pipeline_V3.srcs/sources_1/new/mandelbrot_calculator.vhd:171]
INFO: [Synth 8-5844] Detected registers with asynchronous reset at DSP/BRAM block boundary. Consider using synchronous reset for optimal packing [C:/Users/Vivien/Documents/Master/S2/LPSC/Mandelbrot_pipeline_V3/Mandelbrot_pipeline_V3/Mandelbrot_pipeline_V3.srcs/sources_1/new/mandelbrot_calculator.vhd:174]
INFO: [Synth 8-5844] Detected registers with asynchronous reset at DSP/BRAM block boundary. Consider using synchronous reset for optimal packing [C:/Users/Vivien/Documents/Master/S2/LPSC/Mandelbrot_pipeline_V3/Mandelbrot_pipeline_V3/Mandelbrot_pipeline_V3.srcs/sources_1/new/mandelbrot_calculator.vhd:172]
INFO: [Synth 8-3886] merging instance 'i_759' (FDC) to 'i_777'
INFO: [Synth 8-3886] merging instance 'i_777' (FDC) to 'i_726'
INFO: [Synth 8-3886] merging instance 'HdmixI/VgaToHdmixI/TmdsEncoderC1xI/TmdsEncodedDataxDO_reg[8]' (FDS) to 'HdmixI/VgaToHdmixI/TmdsEncoderC2xI/TmdsEncodedDataxDO_reg[8]'
INFO: [Synth 8-5844] Detected registers with asynchronous reset at DSP/BRAM block boundary. Consider using synchronous reset for optimal packing [C:/Users/Vivien/Documents/Master/S2/LPSC/Mandelbrot_pipeline_V3/Mandelbrot_pipeline_V3/Mandelbrot_pipeline_V3.srcs/sources_1/new/mandelbrot_calculator.vhd:169]
INFO: [Synth 8-5844] Detected registers with asynchronous reset at DSP/BRAM block boundary. Consider using synchronous reset for optimal packing [C:/Users/Vivien/Documents/Master/S2/LPSC/Mandelbrot_pipeline_V3/Mandelbrot_pipeline_V3/Mandelbrot_pipeline_V3.srcs/sources_1/new/mandelbrot_calculator.vhd:169]
INFO: [Synth 8-5844] Detected registers with asynchronous reset at DSP/BRAM block boundary. Consider using synchronous reset for optimal packing [C:/Users/Vivien/Documents/Master/S2/LPSC/Mandelbrot_pipeline_V3/Mandelbrot_pipeline_V3/Mandelbrot_pipeline_V3.srcs/sources_1/new/mandelbrot_calculator.vhd:169]
INFO: [Synth 8-5844] Detected registers with asynchronous reset at DSP/BRAM block boundary. Consider using synchronous reset for optimal packing [C:/Users/Vivien/Documents/Master/S2/LPSC/Mandelbrot_pipeline_V3/Mandelbrot_pipeline_V3/Mandelbrot_pipeline_V3.srcs/sources_1/new/mandelbrot_calculator.vhd:170]
INFO: [Synth 8-5844] Detected registers with asynchronous reset at DSP/BRAM block boundary. Consider using synchronous reset for optimal packing [C:/Users/Vivien/Documents/Master/S2/LPSC/Mandelbrot_pipeline_V3/Mandelbrot_pipeline_V3/Mandelbrot_pipeline_V3.srcs/sources_1/new/mandelbrot_calculator.vhd:170]
INFO: [Synth 8-5844] Detected registers with asynchronous reset at DSP/BRAM block boundary. Consider using synchronous reset for optimal packing [C:/Users/Vivien/Documents/Master/S2/LPSC/Mandelbrot_pipeline_V3/Mandelbrot_pipeline_V3/Mandelbrot_pipeline_V3.srcs/sources_1/new/mandelbrot_calculator.vhd:170]
---------------------------------------------------------------------------------
Finished Technology Mapping : Time (s): cpu = 00:00:51 ; elapsed = 00:00:54 . Memory (MB): peak = 849.281 ; gain = 608.023
---------------------------------------------------------------------------------

Report RTL Partitions: 
+-+--------------+------------+----------+
| |RTL Partition |Replication |Instances |
+-+--------------+------------+----------+
+-+--------------+------------+----------+
---------------------------------------------------------------------------------
Start IO Insertion
---------------------------------------------------------------------------------
---------------------------------------------------------------------------------
Start Flattening Before IO Insertion
---------------------------------------------------------------------------------
---------------------------------------------------------------------------------
Finished Flattening Before IO Insertion
---------------------------------------------------------------------------------
---------------------------------------------------------------------------------
Start Final Netlist Cleanup
---------------------------------------------------------------------------------
---------------------------------------------------------------------------------
Finished Final Netlist Cleanup
---------------------------------------------------------------------------------
WARNING: [Synth 8-5410] Found another clock driver \HdmixI/ClkVgaHdmi1024x600xG.BUFGClkSysToClkVgaHdmixI :O [C:/Users/Vivien/Documents/Master/S2/LPSC/Mandelbrot_pipeline_V3/Mandelbrot_pipeline_V3/Mandelbrot_pipeline_V3.srcs/sources_1/imports/src/hdmi.vhd:363]
---------------------------------------------------------------------------------
Finished IO Insertion : Time (s): cpu = 00:00:52 ; elapsed = 00:00:56 . Memory (MB): peak = 849.281 ; gain = 608.023
---------------------------------------------------------------------------------

Report Check Netlist: 
+------+------------------+-------+---------+-------+------------------+
|      |Item              |Errors |Warnings |Status |Description       |
+------+------------------+-------+---------+-------+------------------+
|1     |multi_driven_nets |      0|        0|Passed |Multi driven nets |
+------+------------------+-------+---------+-------+------------------+
---------------------------------------------------------------------------------
Start Renaming Generated Instances
---------------------------------------------------------------------------------
---------------------------------------------------------------------------------
Finished Renaming Generated Instances : Time (s): cpu = 00:00:52 ; elapsed = 00:00:56 . Memory (MB): peak = 849.281 ; gain = 608.023
---------------------------------------------------------------------------------

Report RTL Partitions: 
+-+--------------+------------+----------+
| |RTL Partition |Replication |Instances |
+-+--------------+------------+----------+
+-+--------------+------------+----------+
---------------------------------------------------------------------------------
Start Rebuilding User Hierarchy
---------------------------------------------------------------------------------
---------------------------------------------------------------------------------
Finished Rebuilding User Hierarchy : Time (s): cpu = 00:00:52 ; elapsed = 00:00:56 . Memory (MB): peak = 849.281 ; gain = 608.023
---------------------------------------------------------------------------------
---------------------------------------------------------------------------------
Start Renaming Generated Ports
---------------------------------------------------------------------------------
---------------------------------------------------------------------------------
Finished Renaming Generated Ports : Time (s): cpu = 00:00:52 ; elapsed = 00:00:56 . Memory (MB): peak = 849.281 ; gain = 608.023
---------------------------------------------------------------------------------
---------------------------------------------------------------------------------
Start Handling Custom Attributes
---------------------------------------------------------------------------------
---------------------------------------------------------------------------------
Finished Handling Custom Attributes : Time (s): cpu = 00:00:52 ; elapsed = 00:00:56 . Memory (MB): peak = 849.281 ; gain = 608.023
---------------------------------------------------------------------------------
---------------------------------------------------------------------------------
Start Renaming Generated Nets
---------------------------------------------------------------------------------
---------------------------------------------------------------------------------
Finished Renaming Generated Nets : Time (s): cpu = 00:00:52 ; elapsed = 00:00:56 . Memory (MB): peak = 849.281 ; gain = 608.023
---------------------------------------------------------------------------------
---------------------------------------------------------------------------------
Start ROM, RAM, DSP and Shift Register Reporting
---------------------------------------------------------------------------------

Static Shift Register Report:
+---------------+--------------------------------------------------------------------+--------+-------+--------------+--------------------+-------------------+--------+---------+
|Module Name    | RTL Name                                                           | Length | Width | Reset Signal | Pull out first Reg | Pull out last Reg | SRL16E | SRLC32E | 
+---------------+--------------------------------------------------------------------+--------+-------+--------------+--------------------+-------------------+--------+---------+
|mse_mandelbrot | mandelbrot_calculatorxB.mandelbrot_calculatorxI/x_address_s_reg[9] | 3      | 10    | NO           | NO                 | YES               | 10     | 0       | 
|mse_mandelbrot | mandelbrot_calculatorxB.mandelbrot_calculatorxI/y_address_s_reg[9] | 3      | 10    | NO           | NO                 | YES               | 10     | 0       | 
+---------------+--------------------------------------------------------------------+--------+-------+--------------+--------------------+-------------------+--------+---------+

---------------------------------------------------------------------------------
Finished ROM, RAM, DSP and Shift Register Reporting
---------------------------------------------------------------------------------
---------------------------------------------------------------------------------
Start Writing Synthesis Report
---------------------------------------------------------------------------------

Report BlackBoxes: 
+------+----------------------+----------+
|      |BlackBox name         |Instances |
+------+----------------------+----------+
|1     |blk_mem_bram          |         1|
|2     |clk_vga_hdmi_1024x600 |         1|
+------+----------------------+----------+

Report Cell Usage: 
+------+-----------------------------+------+
|      |Cell                         |Count |
+------+-----------------------------+------+
|1     |blk_mem_bram_bbox_1          |     1|
|2     |clk_vga_hdmi_1024x600_bbox_0 |     1|
|3     |BUFG                         |     2|
|4     |CARRY4                       |    42|
|5     |DSP48E1                      |     3|
|6     |LUT1                         |     6|
|7     |LUT2                         |   221|
|8     |LUT3                         |   125|
|9     |LUT4                         |    43|
|10    |LUT5                         |    32|
|11    |LUT6                         |    74|
|12    |OSERDESE2                    |     4|
|13    |OSERDESE2_1                  |     4|
|14    |SRL16E                       |    20|
|15    |FDCE                         |   258|
|16    |FDPE                         |     7|
|17    |FDRE                         |    64|
|18    |FDSE                         |     4|
|19    |IBUF                         |     2|
|20    |OBUF                         |     1|
|21    |OBUFDS                       |     4|
+------+-----------------------------+------+

Report Instance Areas: 
+------+------------------------------------------------------+----------------------+------+
|      |Instance                                              |Module                |Cells |
+------+------------------------------------------------------+----------------------+------+
|1     |top                                                   |                      |   933|
|2     |  \ComplexeValueGeneratorxB.ComplexeValueGeneratorxI  |ComplexValueGenerator |   118|
|3     |  HdmixI                                              |hdmi                  |   277|
|4     |    VgaToHdmixI                                       |vga_to_hdmi           |    69|
|5     |      SerializerChannel0xI                            |serializer_10_to_1    |     2|
|6     |      SerializerChannel1xI                            |serializer_10_to_1_0  |     2|
|7     |      SerializerChannel2xI                            |serializer_10_to_1_1  |     2|
|8     |      SerializerChannel3xI                            |serializer_10_to_1_2  |     2|
|9     |      TmdsEncoderC0xI                                 |tmds_encoder          |    20|
|10    |      TmdsEncoderC1xI                                 |tmds_encoder_3        |    18|
|11    |      TmdsEncoderC2xI                                 |tmds_encoder_4        |    19|
|12    |    VgaxI                                             |vga                   |   204|
|13    |      VgaControlerxI                                  |vga_controler         |   204|
|14    |  \mandelbrot_calculatorxB.mandelbrot_calculatorxI    |mandelbrot_calculator |   519|
+------+------------------------------------------------------+----------------------+------+
---------------------------------------------------------------------------------
Finished Writing Synthesis Report : Time (s): cpu = 00:00:52 ; elapsed = 00:00:56 . Memory (MB): peak = 849.281 ; gain = 608.023
---------------------------------------------------------------------------------
Synthesis finished with 0 errors, 0 critical warnings and 66 warnings.
Synthesis Optimization Runtime : Time (s): cpu = 00:00:34 ; elapsed = 00:00:45 . Memory (MB): peak = 849.281 ; gain = 226.352
Synthesis Optimization Complete : Time (s): cpu = 00:00:53 ; elapsed = 00:00:56 . Memory (MB): peak = 849.281 ; gain = 608.023
INFO: [Project 1-571] Translating synthesized netlist
INFO: [Netlist 29-17] Analyzing 51 Unisim elements for replacement
INFO: [Netlist 29-28] Unisim Transformation completed in 0 CPU seconds
INFO: [Project 1-570] Preparing netlist for logic optimization
INFO: [Opt 31-138] Pushed 0 inverter(s) to 0 load pin(s).
INFO: [Project 1-111] Unisim Transformation Summary:
No Unisim elements were transformed.

INFO: [Common 17-83] Releasing license: Synthesis
75 Infos, 69 Warnings, 0 Critical Warnings and 0 Errors encountered.
synth_design completed successfully
synth_design: Time (s): cpu = 00:00:55 ; elapsed = 00:01:00 . Memory (MB): peak = 849.281 ; gain = 619.680
INFO: [Common 17-1381] The checkpoint 'C:/Users/Vivien/Documents/Master/S2/LPSC/Mandelbrot_pipeline_V3/Mandelbrot_pipeline_V3/Mandelbrot_pipeline_V3.runs/synth_1/mse_mandelbrot.dcp' has been generated.
INFO: [runtcl-4] Executing : report_utilization -file mse_mandelbrot_utilization_synth.rpt -pb mse_mandelbrot_utilization_synth.pb
report_utilization: Time (s): cpu = 00:00:00 ; elapsed = 00:00:00.122 . Memory (MB): peak = 849.281 ; gain = 0.000
INFO: [Common 17-206] Exiting Vivado at Fri May 11 12:05:01 2018...
