Copyright 1986-2017 Xilinx, Inc. All Rights Reserved.
-------------------------------------------------------------------------------------------
| Tool Version : Vivado v.2017.4 (win64) Build 2086221 Fri Dec 15 20:55:39 MST 2017
| Date         : Fri May 11 12:06:42 2018
| Host         : Vivien-HP running 64-bit Service Pack 1  (build 7601)
| Command      : report_control_sets -verbose -file mse_mandelbrot_control_sets_placed.rpt
| Design       : mse_mandelbrot
| Device       : xc7a200t
-------------------------------------------------------------------------------------------

Control Set Information

Table of Contents
-----------------
1. Summary
2. Flip-Flop Distribution
3. Detailed Control Set Information

1. Summary
----------

+----------------------------------------------------------+-------+
|                          Status                          | Count |
+----------------------------------------------------------+-------+
| Number of unique control sets                            |     8 |
| Unused register locations in slices containing registers |    35 |
+----------------------------------------------------------+-------+


2. Flip-Flop Distribution
-------------------------

+--------------+-----------------------+------------------------+-----------------+--------------+
| Clock Enable | Synchronous Set/Reset | Asynchronous Set/Reset | Total Registers | Total Slices |
+--------------+-----------------------+------------------------+-----------------+--------------+
| No           | No                    | No                     |              33 |           24 |
| No           | No                    | Yes                    |             199 |           54 |
| No           | Yes                   | No                     |              24 |           12 |
| Yes          | No                    | No                     |              27 |            7 |
| Yes          | No                    | Yes                    |              66 |           18 |
| Yes          | Yes                   | No                     |               0 |            0 |
+--------------+-----------------------+------------------------+-----------------+--------------+


3. Detailed Control Set Information
-----------------------------------

+-----------------------------------------------------------------+---------------------------------------------------------------------+-------------------------------------------------------+------------------+----------------+
|                           Clock Signal                          |                            Enable Signal                            |                    Set/Reset Signal                   | Slice Load Count | Bel Load Count |
+-----------------------------------------------------------------+---------------------------------------------------------------------+-------------------------------------------------------+------------------+----------------+
|  HdmixI/ClkVgaHdmi1024x600xG.ClkVgaHdmi1024x600xI/inst/ClkVgaxC | HdmixI/VgaxI/VgaControlerxI/VCountxD                                | HdmixI/VgaxI/VgaControlerxI/HCountxD_reg[15]_0        |                3 |             16 |
|  HdmixI/ClkVgaHdmi1024x600xG.ClkVgaHdmi1024x600xI/inst/ClkVgaxC |                                                                     | HdmixI/VgaxI/VgaControlerxI/HCountxD_reg[15]_0        |                8 |             19 |
|  HdmixI/ClkVgaHdmi1024x600xG.ClkVgaHdmi1024x600xI/inst/ClkVgaxC |                                                                     | HdmixI/VgaxI/VgaControlerxI/TmdsEncodedDataxDO_reg[7] |               12 |             24 |
|  ClkSys100MhzxC_IBUF_BUFG                                       | mandelbrot_calculatorxB.mandelbrot_calculatorxI/E[0]                | RstxR_IBUF                                            |                8 |             25 |
|  ClkSys100MhzxC_IBUF_BUFG                                       | mandelbrot_calculatorxB.mandelbrot_calculatorxI/c_im_i              | RstxR_IBUF                                            |                7 |             25 |
|  HdmixI/ClkVgaHdmi1024x600xG.ClkVgaHdmi1024x600xI/inst/ClkVgaxC |                                                                     |                                                       |               24 |             33 |
|  ClkSys100MhzxC_IBUF_BUFG                                       | mandelbrot_calculatorxB.mandelbrot_calculatorxI/radius_s[8]_i_1_n_0 |                                                       |               11 |             47 |
|  ClkSys100MhzxC_IBUF_BUFG                                       |                                                                     | RstxR_IBUF                                            |               46 |            180 |
+-----------------------------------------------------------------+---------------------------------------------------------------------+-------------------------------------------------------+------------------+----------------+


+--------+-----------------------+
| Fanout | Number of ControlSets |
+--------+-----------------------+
| 16+    |                     8 |
+--------+-----------------------+


